<?xml version="1.0" encoding="UTF-8"?>
<!-- Generated by org.testng.reporters.JUnitXMLReporter -->
<testsuite ignored="0" hostname="DESKTOP-4G6V73A" failures="1" tests="5" name="Register Page Sucess Test Cases 2" time="29.91" errors="0" timestamp="2022-11-29T09:38:54 IST">
  <testcase classname="TestLayer.RegisterPageTest" name="validateRegisterFunctionality" time="3.229">
    <failure type="org.openqa.selenium.UnsupportedCommandException" message="getElementDomAttribute
Build info: version: &amp;apos;4.1.0&amp;apos;, revision: &amp;apos;87802e897b&amp;apos;
System info: host: &amp;apos;DESKTOP-4G6V73A&amp;apos;, ip: &amp;apos;192.168.100.2&amp;apos;, os.name: &amp;apos;Windows 10&amp;apos;, os.arch: &amp;apos;amd64&amp;apos;, os.version: &amp;apos;10.0&amp;apos;, java.version: &amp;apos;11.0.16.1&amp;apos;
Driver info: org.openqa.selenium.opera.OperaDriver
Command: [289a4906ea66021e6e79c10f0982fec4, getElementDomAttribute {id=0.3027092078562843-10, name=multiple}]
Capabilities {acceptInsecureCerts: false, acceptSslCerts: false, browserConnectionEnabled: false, browserName: opera, cssSelectorsEnabled: true, databaseEnabled: false, goog:chromeOptions: {debuggerAddress: localhost:54783}, handlesAlerts: true, hasTouchScreen: false, javascriptEnabled: true, locationContextEnabled: true, mobileEmulationEnabled: false, nativeEvents: true, networkConnectionEnabled: false, opera: {operadriverVersion: 107.0.5304.88 (5c1b6f1229f5..., userDataDir: C:\Users\Win\AppData\Local\...}, pageLoadStrategy: normal, platform: WINDOWS, platformName: WINDOWS, proxy: Proxy(), rotatable: false, setWindowRect: true, strictFileInteractability: false, takesHeapSnapshot: true, takesScreenshot: true, timeouts: {implicit: 0, pageLoad: 300000, script: 30000}, unexpectedAlertBehaviour: ignore, unhandledPromptBehavior: ignore, version: 107.0.5304.110, webStorageEnabled: true, webauthn:extension:credBlob: true, webauthn:extension:largeBlob: true, webauthn:virtualAuthenticators: true}
Element: [[OperaDriver: opera on WINDOWS (289a4906ea66021e6e79c10f0982fec4)] -&amp;gt; name: country]
Session ID: 289a4906ea66021e6e79c10f0982fec4">
      <![CDATA[org.openqa.selenium.UnsupportedCommandException: getElementDomAttribute
Build info: version: '4.1.0', revision: '87802e897b'
System info: host: 'DESKTOP-4G6V73A', ip: '192.168.100.2', os.name: 'Windows 10', os.arch: 'amd64', os.version: '10.0', java.version: '11.0.16.1'
Driver info: org.openqa.selenium.opera.OperaDriver
Command: [289a4906ea66021e6e79c10f0982fec4, getElementDomAttribute {id=0.3027092078562843-10, name=multiple}]
Capabilities {acceptInsecureCerts: false, acceptSslCerts: false, browserConnectionEnabled: false, browserName: opera, cssSelectorsEnabled: true, databaseEnabled: false, goog:chromeOptions: {debuggerAddress: localhost:54783}, handlesAlerts: true, hasTouchScreen: false, javascriptEnabled: true, locationContextEnabled: true, mobileEmulationEnabled: false, nativeEvents: true, networkConnectionEnabled: false, opera: {operadriverVersion: 107.0.5304.88 (5c1b6f1229f5..., userDataDir: C:\Users\Win\AppData\Local\...}, pageLoadStrategy: normal, platform: WINDOWS, platformName: WINDOWS, proxy: Proxy(), rotatable: false, setWindowRect: true, strictFileInteractability: false, takesHeapSnapshot: true, takesScreenshot: true, timeouts: {implicit: 0, pageLoad: 300000, script: 30000}, unexpectedAlertBehaviour: ignore, unhandledPromptBehavior: ignore, version: 107.0.5304.110, webStorageEnabled: true, webauthn:extension:credBlob: true, webauthn:extension:largeBlob: true, webauthn:virtualAuthenticators: true}
Element: [[OperaDriver: opera on WINDOWS (289a4906ea66021e6e79c10f0982fec4)] -> name: country]
Session ID: 289a4906ea66021e6e79c10f0982fec4
at org.openqa.selenium.remote.codec.AbstractHttpCommandCodec.encode(AbstractHttpCommandCodec.java:250)
at org.openqa.selenium.remote.codec.AbstractHttpCommandCodec.encode(AbstractHttpCommandCodec.java:127)
at org.openqa.selenium.remote.HttpCommandExecutor.execute(HttpCommandExecutor.java:172)
at org.openqa.selenium.remote.service.DriverCommandExecutor.invokeExecute(DriverCommandExecutor.java:164)
at org.openqa.selenium.remote.service.DriverCommandExecutor.execute(DriverCommandExecutor.java:139)
at org.openqa.selenium.remote.RemoteWebDriver.execute(RemoteWebDriver.java:559)
at org.openqa.selenium.remote.RemoteWebElement.execute(RemoteWebElement.java:251)
at org.openqa.selenium.remote.RemoteWebElement.getDomAttribute(RemoteWebElement.java:145)
at org.openqa.selenium.support.pagefactory.internal.LocatingElementHandler.invoke(LocatingElementHandler.java:52)
at com.sun.proxy.$Proxy20.getDomAttribute(Unknown Source)
at org.openqa.selenium.support.ui.Select.<init>(Select.java:54)
at UtilsLayer.DropDownMethods.seletvalueByVisibleText(DropDownMethods.java:21)
at PageLayer.RegisterPage.selectCountry(RegisterPage.java:90)
at PageLayer.RegisterPage.RegisterUser(RegisterPage.java:121)
at TestLayer.RegisterPageTest.validateRegisterFunctionality(RegisterPageTest.java:23)
at java.base/java.util.ArrayList.forEach(ArrayList.java:1541)
at java.base/java.util.concurrent.FutureTask.run(FutureTask.java:264)
at java.base/java.util.concurrent.ThreadPoolExecutor.runWorker(ThreadPoolExecutor.java:1128)
at java.base/java.util.concurrent.ThreadPoolExecutor$Worker.run(ThreadPoolExecutor.java:628)
at java.base/java.lang.Thread.run(Thread.java:834)
... Removed 22 stack frames]]>
    </failure>
  </testcase> <!-- validateRegisterFunctionality -->
  <testcase classname="TestLayer.RegisterSucessTest" name="validateSucessPageUrl" time="0.0">
    <skipped/>
  </testcase> <!-- validateSucessPageUrl -->
  <testcase classname="TestLayer.RegisterSucessTest" name="validateFirstName" time="0.0">
    <skipped/>
  </testcase> <!-- validateFirstName -->
  <testcase classname="TestLayer.RegisterSucessTest" name="validateLastName" time="0.0">
    <skipped/>
  </testcase> <!-- validateLastName -->
  <testcase classname="TestLayer.RegisterSucessTest" name="validateEmailId" time="0.0">
    <skipped/>
  </testcase> <!-- validateEmailId -->
</testsuite> <!-- Register Page Sucess Test Cases 2 -->
